<?xml version="1.0" encoding="UTF-8"?>
<!-- Generated by org.testng.reporters.JUnitXMLReporter -->
<testsuite ignored="0" hostname="DESKTOP-5TB2FIL" failures="2" tests="2" name="Login Test" time="18.643" errors="0" timestamp="2023-12-10T22:53:40 GMT">
  <testcase classname="com.nopcommerce.demo.testsuite.LoginPageTest" name="verifyErrorMessageWithInvalidCredentials" time="0.003">
    <failure type="java.lang.NullPointerException" message="Cannot invoke &amp;quot;org.openqa.selenium.WebElement.click()&amp;quot; because &amp;quot;element&amp;quot; is null">
      <![CDATA[java.lang.NullPointerException: Cannot invoke "org.openqa.selenium.WebElement.click()" because "element" is null
at com.nopcommerce.demo.utilities.Utility.clickOnElement(Utility.java:52)
at com.nopcommerce.demo.pages.HomePage.clickOnLoginLink(HomePage.java:21)
at com.nopcommerce.demo.testsuite.LoginPageTest.verifyErrorMessageWithInvalidCredentials(LoginPageTest.java:31)
at java.base/java.util.ArrayList.forEach(ArrayList.java:1511)
at com.intellij.rt.testng.IDEARemoteTestNG.run(IDEARemoteTestNG.java:66)
at com.intellij.rt.testng.RemoteTestNGStarter.main(RemoteTestNGStarter.java:105)
... Removed 24 stack frames]]>
    </failure>
  </testcase> <!-- verifyErrorMessageWithInvalidCredentials -->
  <testcase classname="com.nopcommerce.demo.testsuite.LoginPageTest" name="verifyUserShouldNavigateToLoginPage" time="0.002">
    <failure type="java.lang.NullPointerException" message="Cannot invoke &amp;quot;org.openqa.selenium.WebElement.click()&amp;quot; because &amp;quot;element&amp;quot; is null">
      <![CDATA[java.lang.NullPointerException: Cannot invoke "org.openqa.selenium.WebElement.click()" because "element" is null
at com.nopcommerce.demo.utilities.Utility.clickOnElement(Utility.java:52)
at com.nopcommerce.demo.pages.HomePage.clickOnLoginLink(HomePage.java:21)
at com.nopcommerce.demo.testsuite.LoginPageTest.verifyUserShouldNavigateToLoginPage(LoginPageTest.java:23)
at java.base/java.util.ArrayList.forEach(ArrayList.java:1511)
at com.intellij.rt.testng.IDEARemoteTestNG.run(IDEARemoteTestNG.java:66)
at com.intellij.rt.testng.RemoteTestNGStarter.main(RemoteTestNGStarter.java:105)
... Removed 24 stack frames]]>
    </failure>
  </testcase> <!-- verifyUserShouldNavigateToLoginPage -->
</testsuite> <!-- Login Test -->
